This is XeTeX, Version 3.141592653-2.6-0.999994 (MiKTeX 22.7) (preloaded format=xelatex 2023.2.15)  22 APR 2023 20:03
entering extended mode
 restricted \write18 enabled.
 %&-line parsing enabled.
**./diploma.tex
(diploma.tex
LaTeX2e <2022-11-01> patch level 1
L3 programming layer <2022-12-17>
(/home/kamo_sevoyan/.miktex/texmfs/install/tex/latex/base/article.cls
Document Class: article 2022/07/02 v1.4n Standard LaTeX document class
(/home/kamo_sevoyan/.miktex/texmfs/install/tex/latex/base/fleqn.clo
File: fleqn.clo 2016/12/29 v1.2b Standard LaTeX option (flush left equations)
\mathindent=\skip48
Applying: [2015/01/01] Make \[ robust on input line 50.
LaTeX Info: Redefining \[ on input line 51.
Already applied: [0000/00/00] Make \[ robust on input line 62.
Applying: [2015/01/01] Make \] robust on input line 74.
LaTeX Info: Redefining \] on input line 75.
Already applied: [0000/00/00] Make \] robust on input line 83.
)
(/home/kamo_sevoyan/.miktex/texmfs/install/tex/latex/base/size12.clo
File: size12.clo 2022/07/02 v1.4n Standard LaTeX file (size option)
)
\c@part=\count181
\c@section=\count182
\c@subsection=\count183
\c@subsubsection=\count184
\c@paragraph=\count185
\c@subparagraph=\count186
\c@figure=\count187
\c@table=\count188
\abovecaptionskip=\skip49
\belowcaptionskip=\skip50
\bibindent=\dimen140
)
(/home/kamo_sevoyan/.miktex/texmfs/install/tex/latex/base/inputenc.sty
Package: inputenc 2021/02/14 v1.3d Input encoding file
\inpenc@prehook=\toks16
\inpenc@posthook=\toks17


Package inputenc Warning: inputenc package ignored with utf8 based engines.

) (/home/kamo_sevoyan/.miktex/texmfs/install/tex/latex/tools/enumerate.sty
Package: enumerate 2015/07/23 v3.00 enumerate extensions (DPC)
\@enLab=\toks18
)
(/home/kamo_sevoyan/.miktex/texmfs/install/tex/latex/amsmath/amsmath.sty
Package: amsmath 2022/04/08 v2.17n AMS math features
\@mathmargin=\skip51

For additional information on amsmath, use the `?' option.
(/home/kamo_sevoyan/.miktex/texmfs/install/tex/latex/amsmath/amstext.sty
Package: amstext 2021/08/26 v2.01 AMS text

(/home/kamo_sevoyan/.miktex/texmfs/install/tex/latex/amsmath/amsgen.sty
File: amsgen.sty 1999/11/30 v2.0 generic functions
\@emptytoks=\toks19
\ex@=\dimen141
))
(/home/kamo_sevoyan/.miktex/texmfs/install/tex/latex/amsmath/amsbsy.sty
Package: amsbsy 1999/11/29 v1.2d Bold Symbols
\pmbraise@=\dimen142
)
(/home/kamo_sevoyan/.miktex/texmfs/install/tex/latex/amsmath/amsopn.sty
Package: amsopn 2022/04/08 v2.04 operator names
)
\inf@bad=\count189
LaTeX Info: Redefining \frac on input line 234.
\uproot@=\count190
\leftroot@=\count191
LaTeX Info: Redefining \overline on input line 399.
LaTeX Info: Redefining \colon on input line 410.
\classnum@=\count192
\DOTSCASE@=\count193
LaTeX Info: Redefining \ldots on input line 496.
LaTeX Info: Redefining \dots on input line 499.
LaTeX Info: Redefining \cdots on input line 620.
\Mathstrutbox@=\box51
\strutbox@=\box52
LaTeX Info: Redefining \big on input line 722.
LaTeX Info: Redefining \Big on input line 723.
LaTeX Info: Redefining \bigg on input line 724.
LaTeX Info: Redefining \Bigg on input line 725.
\big@size=\dimen143
LaTeX Font Info:    Redeclaring font encoding OML on input line 743.
LaTeX Font Info:    Redeclaring font encoding OMS on input line 744.
\macc@depth=\count194
LaTeX Info: Redefining \bmod on input line 905.
LaTeX Info: Redefining \pmod on input line 910.
LaTeX Info: Redefining \smash on input line 940.
LaTeX Info: Redefining \relbar on input line 970.
LaTeX Info: Redefining \Relbar on input line 971.
\c@MaxMatrixCols=\count195
\dotsspace@=\muskip16
\c@parentequation=\count196
\dspbrk@lvl=\count197
\tag@help=\toks20
\row@=\count198
\column@=\count199
\maxfields@=\count266
\andhelp@=\toks21
\eqnshift@=\dimen144
\alignsep@=\dimen145
\tagshift@=\dimen146
\tagwidth@=\dimen147
\totwidth@=\dimen148
\lineht@=\dimen149
\@envbody=\toks22
\multlinegap=\skip52
\multlinetaggap=\skip53
\mathdisplay@stack=\toks23
LaTeX Info: Redefining \[ on input line 2953.
LaTeX Info: Redefining \] on input line 2954.
)
(/home/kamo_sevoyan/.miktex/texmfs/install/tex/latex/mathtools/mathtools.sty
Package: mathtools 2022/06/29 v1.29 mathematical typesetting tools

(/home/kamo_sevoyan/.miktex/texmfs/install/tex/latex/graphics/keyval.sty
Package: keyval 2022/05/29 v1.15 key=value parser (DPC)
\KV@toks@=\toks24
)
(/home/kamo_sevoyan/.miktex/texmfs/install/tex/latex/tools/calc.sty
Package: calc 2017/05/25 v4.3 Infix arithmetic (KKT,FJ)
\calc@Acount=\count267
\calc@Bcount=\count268
\calc@Adimen=\dimen150
\calc@Bdimen=\dimen151
\calc@Askip=\skip54
\calc@Bskip=\skip55
LaTeX Info: Redefining \setlength on input line 80.
LaTeX Info: Redefining \addtolength on input line 81.
\calc@Ccount=\count269
\calc@Cskip=\skip56
)
(/home/kamo_sevoyan/.miktex/texmfs/install/tex/latex/mathtools/mhsetup.sty
Package: mhsetup 2021/03/18 v1.4 programming setup (MH)
)
\g_MT_multlinerow_int=\count270
\l_MT_multwidth_dim=\dimen152
\origjot=\skip57
\l_MT_shortvdotswithinadjustabove_dim=\dimen153
\l_MT_shortvdotswithinadjustbelow_dim=\dimen154
\l_MT_above_intertext_sep=\dimen155
\l_MT_below_intertext_sep=\dimen156
\l_MT_above_shortintertext_sep=\dimen157
\l_MT_below_shortintertext_sep=\dimen158
\xmathstrut@box=\box53
\xmathstrut@dim=\dimen159
)
(/home/kamo_sevoyan/.miktex/texmfs/install/tex/latex/amsfonts/amssymb.sty
Package: amssymb 2013/01/14 v3.01 AMS font symbols

(/home/kamo_sevoyan/.miktex/texmfs/install/tex/latex/amsfonts/amsfonts.sty
Package: amsfonts 2013/01/14 v3.01 Basic AMSFonts support
\symAMSa=\mathgroup4
\symAMSb=\mathgroup5
LaTeX Font Info:    Redeclaring math symbol \hbar on input line 98.
LaTeX Font Info:    Overwriting math alphabet `\mathfrak' in version `bold'
(Font)                  U/euf/m/n --> U/euf/b/n on input line 106.
))
(/home/kamo_sevoyan/.miktex/texmfs/install/tex/latex/systeme/systeme.sty
(/home/kamo_sevoyan/.miktex/texmfs/install/tex/latex/xstring/xstring.sty
(/home/kamo_sevoyan/.miktex/texmfs/install/tex/generic/xstring/xstring.tex
\integerpart=\count271
\decimalpart=\count272
)
Package: xstring 2021/07/21 v1.84 String manipulations (CT)
)
(/home/kamo_sevoyan/.miktex/texmfs/install/tex/generic/systeme/systeme.tex
\SYS_systemecode=\toks25
\SYS_systempreamble=\toks26
\SYSeqnum=\count273
Invalid UTF-8 byte or sequence at line 78 replaced by U+FFFD.
Invalid UTF-8 byte or sequence at line 78 replaced by U+FFFD.
Invalid UTF-8 byte or sequence at line 78 replaced by U+FFFD.
Invalid UTF-8 byte or sequence at line 78 replaced by U+FFFD.
Invalid UTF-8 byte or sequence at line 82 replaced by U+FFFD.
Invalid UTF-8 byte or sequence at line 86 replaced by U+FFFD.
Invalid UTF-8 byte or sequence at line 86 replaced by U+FFFD.
Invalid UTF-8 byte or sequence at line 86 replaced by U+FFFD.
Invalid UTF-8 byte or sequence at line 88 replaced by U+FFFD.
Invalid UTF-8 byte or sequence at line 90 replaced by U+FFFD.
Invalid UTF-8 byte or sequence at line 90 replaced by U+FFFD.
Invalid UTF-8 byte or sequence at line 90 replaced by U+FFFD.
Invalid UTF-8 byte or sequence at line 90 replaced by U+FFFD.
Invalid UTF-8 byte or sequence at line 90 replaced by U+FFFD.
Invalid UTF-8 byte or sequence at line 90 replaced by U+FFFD.
Invalid UTF-8 byte or sequence at line 96 replaced by U+FFFD.
Invalid UTF-8 byte or sequence at line 96 replaced by U+FFFD.
Invalid UTF-8 byte or sequence at line 114 replaced by U+FFFD.
Invalid UTF-8 byte or sequence at line 114 replaced by U+FFFD.
Invalid UTF-8 byte or sequence at line 114 replaced by U+FFFD.
Invalid UTF-8 byte or sequence at line 115 replaced by U+FFFD.
Invalid UTF-8 byte or sequence at line 115 replaced by U+FFFD.
Invalid UTF-8 byte or sequence at line 115 replaced by U+FFFD.
Invalid UTF-8 byte or sequence at line 115 replaced by U+FFFD.
Invalid UTF-8 byte or sequence at line 115 replaced by U+FFFD.
Invalid UTF-8 byte or sequence at line 115 replaced by U+FFFD.
Invalid UTF-8 byte or sequence at line 118 replaced by U+FFFD.
Invalid UTF-8 byte or sequence at line 118 replaced by U+FFFD.
Invalid UTF-8 byte or sequence at line 118 replaced by U+FFFD.
Invalid UTF-8 byte or sequence at line 118 replaced by U+FFFD.
Invalid UTF-8 byte or sequence at line 118 replaced by U+FFFD.
Invalid UTF-8 byte or sequence at line 129 replaced by U+FFFD.
Invalid UTF-8 byte or sequence at line 146 replaced by U+FFFD.
Invalid UTF-8 byte or sequence at line 146 replaced by U+FFFD.
Invalid UTF-8 byte or sequence at line 146 replaced by U+FFFD.
Invalid UTF-8 byte or sequence at line 146 replaced by U+FFFD.
Invalid UTF-8 byte or sequence at line 146 replaced by U+FFFD.
Invalid UTF-8 byte or sequence at line 181 replaced by U+FFFD.
Invalid UTF-8 byte or sequence at line 181 replaced by U+FFFD.
Invalid UTF-8 byte or sequence at line 182 replaced by U+FFFD.
Invalid UTF-8 byte or sequence at line 187 replaced by U+FFFD.
Invalid UTF-8 byte or sequence at line 193 replaced by U+FFFD.
Invalid UTF-8 byte or sequence at line 193 replaced by U+FFFD.
Invalid UTF-8 byte or sequence at line 197 replaced by U+FFFD.
Invalid UTF-8 byte or sequence at line 199 replaced by U+FFFD.
Invalid UTF-8 byte or sequence at line 199 replaced by U+FFFD.
Invalid UTF-8 byte or sequence at line 199 replaced by U+FFFD.
Invalid UTF-8 byte or sequence at line 207 replaced by U+FFFD.
Invalid UTF-8 byte or sequence at line 207 replaced by U+FFFD.
Invalid UTF-8 byte or sequence at line 209 replaced by U+FFFD.
Invalid UTF-8 byte or sequence at line 217 replaced by U+FFFD.
Invalid UTF-8 byte or sequence at line 240 replaced by U+FFFD.
Invalid UTF-8 byte or sequence at line 242 replaced by U+FFFD.
Invalid UTF-8 byte or sequence at line 244 replaced by U+FFFD.
Invalid UTF-8 byte or sequence at line 245 replaced by U+FFFD.
Invalid UTF-8 byte or sequence at line 255 replaced by U+FFFD.
Invalid UTF-8 byte or sequence at line 255 replaced by U+FFFD.
Invalid UTF-8 byte or sequence at line 255 replaced by U+FFFD.
Invalid UTF-8 byte or sequence at line 255 replaced by U+FFFD.
Invalid UTF-8 byte or sequence at line 259 replaced by U+FFFD.
Invalid UTF-8 byte or sequence at line 267 replaced by U+FFFD.
Invalid UTF-8 byte or sequence at line 267 replaced by U+FFFD.
Invalid UTF-8 byte or sequence at line 269 replaced by U+FFFD.
Invalid UTF-8 byte or sequence at line 274 replaced by U+FFFD.
Invalid UTF-8 byte or sequence at line 285 replaced by U+FFFD.
Invalid UTF-8 byte or sequence at line 302 replaced by U+FFFD.
Invalid UTF-8 byte or sequence at line 303 replaced by U+FFFD.
Invalid UTF-8 byte or sequence at line 303 replaced by U+FFFD.
Invalid UTF-8 byte or sequence at line 318 replaced by U+FFFD.
Invalid UTF-8 byte or sequence at line 318 replaced by U+FFFD.
Invalid UTF-8 byte or sequence at line 318 replaced by U+FFFD.
Invalid UTF-8 byte or sequence at line 318 replaced by U+FFFD.
Invalid UTF-8 byte or sequence at line 332 replaced by U+FFFD.
Invalid UTF-8 byte or sequence at line 332 replaced by U+FFFD.
Invalid UTF-8 byte or sequence at line 332 replaced by U+FFFD.
Invalid UTF-8 byte or sequence at line 338 replaced by U+FFFD.
Invalid UTF-8 byte or sequence at line 338 replaced by U+FFFD.
Invalid UTF-8 byte or sequence at line 353 replaced by U+FFFD.
Invalid UTF-8 byte or sequence at line 385 replaced by U+FFFD.
Invalid UTF-8 byte or sequence at line 404 replaced by U+FFFD.
Invalid UTF-8 byte or sequence at line 407 replaced by U+FFFD.
Invalid UTF-8 byte or sequence at line 452 replaced by U+FFFD.
Invalid UTF-8 byte or sequence at line 457 replaced by U+FFFD.
Invalid UTF-8 byte or sequence at line 514 replaced by U+FFFD.
Invalid UTF-8 byte or sequence at line 572 replaced by U+FFFD.
Invalid UTF-8 byte or sequence at line 573 replaced by U+FFFD.
Invalid UTF-8 byte or sequence at line 592 replaced by U+FFFD.
Invalid UTF-8 byte or sequence at line 595 replaced by U+FFFD.
Invalid UTF-8 byte or sequence at line 598 replaced by U+FFFD.
Invalid UTF-8 byte or sequence at line 621 replaced by U+FFFD.
Invalid UTF-8 byte or sequence at line 626 replaced by U+FFFD.
Invalid UTF-8 byte or sequence at line 630 replaced by U+FFFD.
Invalid UTF-8 byte or sequence at line 638 replaced by U+FFFD.
Invalid UTF-8 byte or sequence at line 642 replaced by U+FFFD.
Invalid UTF-8 byte or sequence at line 646 replaced by U+FFFD.
Invalid UTF-8 byte or sequence at line 648 replaced by U+FFFD.
Invalid UTF-8 byte or sequence at line 648 replaced by U+FFFD.
Invalid UTF-8 byte or sequence at line 654 replaced by U+FFFD.
Invalid UTF-8 byte or sequence at line 654 replaced by U+FFFD.
)
Package: systeme 2020/05/03 v0.34 Mise en forme de systemes d'equations (CT)
)
(/home/kamo_sevoyan/.miktex/texmfs/install/tex/generic/babel/babel.sty
Package: babel 2022/12/26 3.84 The Babel package
\babel@savecnt=\count274
\U@D=\dimen160
\l@unhyphenated=\language79

(/home/kamo_sevoyan/.miktex/texmfs/install/tex/generic/babel/xebabel.def)
\bbl@readstream=\read2
\bbl@dirlevel=\count275

*************************************
* Local config file bblopts.cfg used
*
(/home/kamo_sevoyan/.miktex/texmfs/install/tex/latex/arabi/bblopts.cfg
File: bblopts.cfg 2005/09/08 v0.1 add Arabic and Farsi to "declared" options of
 babel
)
(/home/kamo_sevoyan/.miktex/texmfs/install/tex/latex/babel-english/english.ldf
Language: english 2017/06/06 v3.3r English support from the babel system
Package babel Info: Hyphen rules for 'canadian' set to \l@english
(babel)             (\language0). Reported on input line 102.
Package babel Info: Hyphen rules for 'australian' set to \l@ukenglish
(babel)             (\language73). Reported on input line 105.
Package babel Info: Hyphen rules for 'newzealand' set to \l@ukenglish
(babel)             (\language73). Reported on input line 108.
))
(/home/kamo_sevoyan/.miktex/texmfs/install/tex/generic/babel/locale/en/babel-en
glish.tex
Package babel Info: Importing font and identification data for english
(babel)             from babel-en.ini. Reported on input line 11.
)
(/home/kamo_sevoyan/.miktex/texmfs/install/tex/latex/l3packages/xparse/xparse.s
ty (/home/kamo_sevoyan/.miktex/texmfs/install/tex/latex/l3kernel/expl3.sty
Package: expl3 2022-12-17 L3 programming layer (loader) 

(/home/kamo_sevoyan/.miktex/texmfs/install/tex/latex/l3backend/l3backend-xetex.
def
File: l3backend-xetex.def 2022-10-26 L3 backend support: XeTeX
\g__graphics_track_int=\count276
\l__pdf_internal_box=\box54
\g__pdf_backend_object_int=\count277
\g__pdf_backend_annotation_int=\count278
\g__pdf_backend_link_int=\count279
))
Package: xparse 2022-12-17 L3 Experimental document command parser
)
(/home/kamo_sevoyan/.miktex/texmfs/install/tex/latex/l3packages/xfrac/xfrac.sty
(/home/kamo_sevoyan/.miktex/texmfs/install/tex/latex/graphics/graphicx.sty
Package: graphicx 2021/09/16 v1.2d Enhanced LaTeX Graphics (DPC,SPQR)

(/home/kamo_sevoyan/.miktex/texmfs/install/tex/latex/graphics/graphics.sty
Package: graphics 2022/03/10 v1.4e Standard LaTeX Graphics (DPC,SPQR)

(/home/kamo_sevoyan/.miktex/texmfs/install/tex/latex/graphics/trig.sty
Package: trig 2021/08/11 v1.11 sin cos tan (DPC)
)
(/home/kamo_sevoyan/.miktex/texmfs/install/tex/latex/graphics-cfg/graphics.cfg
File: graphics.cfg 2016/06/04 v1.11 sample graphics configuration
)
Package graphics Info: Driver file: xetex.def on input line 107.
(/home/kamo_sevoyan/.miktex/texmfs/install/tex/latex/graphics-def/xetex.def
File: xetex.def 2022/09/22 v5.0n Graphics/color driver for xetex
))
\Gin@req@height=\dimen161
\Gin@req@width=\dimen162
)
(/home/kamo_sevoyan/.miktex/texmfs/install/tex/latex/l3packages/l3keys2e/l3keys
2e.sty
Package: l3keys2e 2022-12-17 LaTeX2e option processing using LaTeX3 keys
) (/home/kamo_sevoyan/.miktex/texmfs/install/tex/latex/base/textcomp.sty
Package: textcomp 2020/02/02 v2.0n Standard LaTeX package
)
(/home/kamo_sevoyan/.miktex/texmfs/install/tex/latex/l3packages/xtemplate/xtemp
late.sty
Package: xtemplate 2022-12-17 L3 Experimental prototype document functions
\l__xtemplate_tmp_dim=\dimen163
\l__xtemplate_tmp_int=\count280
\l__xtemplate_tmp_muskip=\muskip17
\l__xtemplate_tmp_skip=\skip58
)
Package: xfrac 2022-12-17 L3 Experimental split-level fractions
\l__xfrac_slash_box=\box55
\l__xfrac_tmp_box=\box56
\l__xfrac_denominator_bot_sep_dim=\dimen164
\l__xfrac_numerator_bot_sep_dim=\dimen165
\l__xfrac_numerator_top_sep_dim=\dimen166
\l__xfrac_slash_left_sep_dim=\dimen167
\l__xfrac_slash_right_sep_dim=\dimen168
\l__xfrac_slash_left_muskip=\muskip18
\l__xfrac_slash_right_muskip=\muskip19

Package xtemplate Info: Declaring object type 'xfrac' taking 3 argument(s) on
(xtemplate)             line 80.

)
(/home/kamo_sevoyan/.miktex/texmfs/install/tex/latex/setspace/setspace.sty
Package: setspace 2022/12/04 v6.7b set line spacing
)
(/home/kamo_sevoyan/.miktex/texmfs/install/tex/latex/tools/multicol.sty
Package: multicol 2021/11/30 v1.9d multicolumn formatting (FMi)
\c@tracingmulticols=\count281
\mult@box=\box57
\multicol@leftmargin=\dimen169
\c@unbalance=\count282
\c@collectmore=\count283
\doublecol@number=\count284
\multicoltolerance=\count285
\multicolpretolerance=\count286
\full@width=\dimen170
\page@free=\dimen171
\premulticols=\dimen172
\postmulticols=\dimen173
\multicolsep=\skip59
\multicolbaselineskip=\skip60
\partial@page=\box58
\last@line=\box59
\maxbalancingoverflow=\dimen174
\mult@rightbox=\box60
\mult@grightbox=\box61
\mult@firstbox=\box62
\mult@gfirstbox=\box63
\@tempa=\box64
\@tempa=\box65
\@tempa=\box66
\@tempa=\box67
\@tempa=\box68
\@tempa=\box69
\@tempa=\box70
\@tempa=\box71
\@tempa=\box72
\@tempa=\box73
\@tempa=\box74
\@tempa=\box75
\@tempa=\box76
\@tempa=\box77
\@tempa=\box78
\@tempa=\box79
\@tempa=\box80
\@tempa=\box81
\@tempa=\box82
\@tempa=\box83
\@tempa=\box84
\@tempa=\box85
\@tempa=\box86
\@tempa=\box87
\@tempa=\box88
\@tempa=\box89
\@tempa=\box90
\@tempa=\box91
\@tempa=\box92
\@tempa=\box93
\@tempa=\box94
\@tempa=\box95
\@tempa=\box96
\@tempa=\box97
\@tempa=\box98
\@tempa=\box99
\c@minrows=\count287
\c@columnbadness=\count288
\c@finalcolumnbadness=\count289
\last@try=\dimen175
\multicolovershoot=\dimen176
\multicolundershoot=\dimen177
\mult@nat@firstbox=\box100
\colbreak@box=\box101
\mc@col@check@num=\count290
)
(/home/kamo_sevoyan/.miktex/texmfs/install/tex/latex/tools/array.sty
Package: array 2022/03/10 v2.5f Tabular extension package (FMi)
\col@sep=\dimen178
\ar@mcellbox=\box102
\extrarowheight=\dimen179
\NC@list=\toks27
\extratabsurround=\skip61
\backup@length=\skip62
\ar@cellbox=\box103
)
(/home/kamo_sevoyan/.miktex/texmfs/install/tex/latex/tools/tabularx.sty
Package: tabularx 2020/01/15 v2.11c `tabularx' package (DPC)
\TX@col@width=\dimen180
\TX@old@table=\dimen181
\TX@old@col=\dimen182
\TX@target=\dimen183
\TX@delta=\dimen184
\TX@cols=\count291
\TX@ftn=\toks28
)
(/home/kamo_sevoyan/.miktex/texmfs/install/tex/latex/bigints/bigints.sty
Package: bigints 2010/02/15 Writing big integrals
Package bigints Info: This is Bigints by Merciadri Luca. on input line 5.
)
(/home/kamo_sevoyan/.miktex/texmfs/install/tex/latex/fontspec/fontspec.sty
Package: fontspec 2022/01/15 v2.8a Font selection for XeLaTeX and LuaLaTeX

(/home/kamo_sevoyan/.miktex/texmfs/install/tex/latex/fontspec/fontspec-xetex.st
y
Package: fontspec-xetex 2022/01/15 v2.8a Font selection for XeLaTeX and LuaLaTe
X
\l__fontspec_script_int=\count292
\l__fontspec_language_int=\count293
\l__fontspec_strnum_int=\count294
\l__fontspec_tmp_int=\count295
\l__fontspec_tmpa_int=\count296
\l__fontspec_tmpb_int=\count297
\l__fontspec_tmpc_int=\count298
\l__fontspec_em_int=\count299
\l__fontspec_emdef_int=\count300
\l__fontspec_strong_int=\count301
\l__fontspec_strongdef_int=\count302
\l__fontspec_tmpa_dim=\dimen185
\l__fontspec_tmpb_dim=\dimen186
\l__fontspec_tmpc_dim=\dimen187
 (/home/kamo_sevoyan/.miktex/texmfs/install/tex/latex/base/fontenc.sty
Package: fontenc 2021/04/29 v2.0v Standard LaTeX package
)
(/home/kamo_sevoyan/.miktex/texmfs/install/tex/latex/fontspec/fontspec.cfg)))
(/home/kamo_sevoyan/.miktex/texmfs/install/tex/latex/chngcntr/chngcntr.sty
Package: chngcntr 2018/04/09 v1.1a change counter resetting
Package chngcntr Info: \counterwithout already defined.
(chngcntr)             Quitting chngcntr on input line 21.
)
(/home/kamo_sevoyan/.miktex/texmfs/install/tex/latex/caption/caption.sty
Package: caption 2022/03/01 v3.6b Customizing captions (AR)

(/home/kamo_sevoyan/.miktex/texmfs/install/tex/latex/caption/caption3.sty
Package: caption3 2022/03/17 v2.3b caption3 kernel (AR)
\caption@tempdima=\dimen188
\captionmargin=\dimen189
\caption@leftmargin=\dimen190
\caption@rightmargin=\dimen191
\caption@width=\dimen192
\caption@indent=\dimen193
\caption@parindent=\dimen194
\caption@hangindent=\dimen195
Package caption Info: Standard document class detected.
)
\c@caption@flags=\count303
\c@continuedfloat=\count304
)
(/home/kamo_sevoyan/.miktex/texmfs/install/tex/latex/enumitem/enumitem.sty
Package: enumitem 2019/06/20 v3.9 Customized lists
\labelindent=\skip63
\enit@outerparindent=\dimen196
\enit@toks=\toks29
\enit@inbox=\box104
\enit@count@id=\count305
\enitdp@description=\count306
)
(/home/kamo_sevoyan/.miktex/texmfs/install/tex/latex/float/float.sty
Package: float 2001/11/08 v1.3d Float enhancements (AL)
\c@float@type=\count307
\float@exts=\toks30
\float@box=\box105
\@float@everytoks=\toks31
\@floatcapt=\box106
)
(/home/kamo_sevoyan/.miktex/texmfs/install/tex/latex/relsize/relsize.sty
Package: relsize 2013/03/29 ver 4.1
)
(/home/kamo_sevoyan/.miktex/texmfs/install/tex/latex/geometry/geometry.sty
Package: geometry 2020/01/02 v5.9 Page Geometry

(/home/kamo_sevoyan/.miktex/texmfs/install/tex/generic/iftex/ifvtex.sty
Package: ifvtex 2019/10/25 v1.7 ifvtex legacy package. Use iftex instead.

(/home/kamo_sevoyan/.miktex/texmfs/install/tex/generic/iftex/iftex.sty
Package: iftex 2022/02/03 v1.0f TeX engine tests
))
\Gm@cnth=\count308
\Gm@cntv=\count309
\c@Gm@tempcnt=\count310
\Gm@bindingoffset=\dimen197
\Gm@wd@mp=\dimen198
\Gm@odd@mp=\dimen199
\Gm@even@mp=\dimen256
\Gm@layoutwidth=\dimen257
\Gm@layoutheight=\dimen258
\Gm@layouthoffset=\dimen259
\Gm@layoutvoffset=\dimen260
\Gm@dimlist=\toks32

(/home/kamo_sevoyan/.miktex/texmfs/install/tex/latex/geometry/geometry.cfg))

Package fontspec Info: Could not resolve font "Sylfaen/BI" (it probably
(fontspec)             doesn't exist).


Package fontspec Info: Could not resolve font "Sylfaen/B" (it probably doesn't
(fontspec)             exist).


Package fontspec Info: Could not resolve font "Sylfaen/I" (it probably doesn't
(fontspec)             exist).


Package fontspec Info: Font family 'Sylfaen(0)' created for font 'Sylfaen'
(fontspec)             with options [Ligatures=TeX].
(fontspec)              
(fontspec)              This font family consists of the following NFSS
(fontspec)             series/shapes:
(fontspec)              
(fontspec)             - 'normal' (m/n) with NFSS spec.:
(fontspec)             <->"Sylfaen/OT:script=latn;language=dflt;mapping=tex-tex
t;"
(fontspec)             - 'small caps'  (m/sc) with NFSS spec.: 



LaTeX Warning: Unused global option(s):
    [bachelor,subf].

(diploma.aux)
\openout1 = `diploma.aux'.

LaTeX Font Info:    Checking defaults for OML/cmm/m/it on input line 72.
LaTeX Font Info:    ... okay on input line 72.
LaTeX Font Info:    Checking defaults for OMS/cmsy/m/n on input line 72.
LaTeX Font Info:    ... okay on input line 72.
LaTeX Font Info:    Checking defaults for OT1/cmr/m/n on input line 72.
LaTeX Font Info:    ... okay on input line 72.
LaTeX Font Info:    Checking defaults for T1/cmr/m/n on input line 72.
LaTeX Font Info:    ... okay on input line 72.
LaTeX Font Info:    Checking defaults for TS1/cmr/m/n on input line 72.
LaTeX Font Info:    Trying to load font information for TS1+cmr on input line 7
2.

(/home/kamo_sevoyan/.miktex/texmfs/install/tex/latex/base/ts1cmr.fd
File: ts1cmr.fd 2022/07/10 v2.5l Standard LaTeX font definitions
)
LaTeX Font Info:    ... okay on input line 72.
LaTeX Font Info:    Checking defaults for TU/lmr/m/n on input line 72.
LaTeX Font Info:    ... okay on input line 72.
LaTeX Font Info:    Checking defaults for OMX/cmex/m/n on input line 72.
LaTeX Font Info:    ... okay on input line 72.
LaTeX Font Info:    Checking defaults for U/cmr/m/n on input line 72.
LaTeX Font Info:    ... okay on input line 72.

Package fontspec Info: Adjusting the maths setup (use [no-math] to avoid
(fontspec)             this).

\symlegacymaths=\mathgroup6
LaTeX Font Info:    Overwriting symbol font `legacymaths' in version `bold'
(Font)                  OT1/cmr/m/n --> OT1/cmr/bx/n on input line 72.
LaTeX Font Info:    Redeclaring math accent \acute on input line 72.
LaTeX Font Info:    Redeclaring math accent \grave on input line 72.
LaTeX Font Info:    Redeclaring math accent \ddot on input line 72.
LaTeX Font Info:    Redeclaring math accent \tilde on input line 72.
LaTeX Font Info:    Redeclaring math accent \bar on input line 72.
LaTeX Font Info:    Redeclaring math accent \breve on input line 72.
LaTeX Font Info:    Redeclaring math accent \check on input line 72.
LaTeX Font Info:    Redeclaring math accent \hat on input line 72.
LaTeX Font Info:    Redeclaring math accent \dot on input line 72.
LaTeX Font Info:    Redeclaring math accent \mathring on input line 72.
LaTeX Font Info:    Redeclaring math symbol \Gamma on input line 72.
LaTeX Font Info:    Redeclaring math symbol \Delta on input line 72.
LaTeX Font Info:    Redeclaring math symbol \Theta on input line 72.
LaTeX Font Info:    Redeclaring math symbol \Lambda on input line 72.
LaTeX Font Info:    Redeclaring math symbol \Xi on input line 72.
LaTeX Font Info:    Redeclaring math symbol \Pi on input line 72.
LaTeX Font Info:    Redeclaring math symbol \Sigma on input line 72.
LaTeX Font Info:    Redeclaring math symbol \Upsilon on input line 72.
LaTeX Font Info:    Redeclaring math symbol \Phi on input line 72.
LaTeX Font Info:    Redeclaring math symbol \Psi on input line 72.
LaTeX Font Info:    Redeclaring math symbol \Omega on input line 72.
LaTeX Font Info:    Redeclaring math symbol \mathdollar on input line 72.
LaTeX Font Info:    Redeclaring symbol font `operators' on input line 72.
LaTeX Font Info:    Encoding `OT1' has changed to `TU' for symbol font
(Font)              `operators' in the math version `normal' on input line 72.
LaTeX Font Info:    Overwriting symbol font `operators' in version `normal'
(Font)                  OT1/cmr/m/n --> TU/Sylfaen(0)/m/n on input line 72.
LaTeX Font Info:    Encoding `OT1' has changed to `TU' for symbol font
(Font)              `operators' in the math version `bold' on input line 72.
LaTeX Font Info:    Overwriting symbol font `operators' in version `bold'
(Font)                  OT1/cmr/bx/n --> TU/Sylfaen(0)/m/n on input line 72.
LaTeX Font Info:    Overwriting symbol font `operators' in version `normal'
(Font)                  TU/Sylfaen(0)/m/n --> TU/Sylfaen(0)/m/n on input line 7
2.
LaTeX Font Info:    Overwriting math alphabet `\mathit' in version `normal'
(Font)                  OT1/cmr/m/it --> TU/Sylfaen(0)/m/it on input line 72.
LaTeX Font Info:    Overwriting math alphabet `\mathbf' in version `normal'
(Font)                  OT1/cmr/bx/n --> TU/Sylfaen(0)/b/n on input line 72.
LaTeX Font Info:    Overwriting math alphabet `\mathsf' in version `normal'
(Font)                  OT1/cmss/m/n --> TU/lmss/m/n on input line 72.
LaTeX Font Info:    Overwriting math alphabet `\mathtt' in version `normal'
(Font)                  OT1/cmtt/m/n --> TU/lmtt/m/n on input line 72.
LaTeX Font Info:    Overwriting symbol font `operators' in version `bold'
(Font)                  TU/Sylfaen(0)/m/n --> TU/Sylfaen(0)/b/n on input line 7
2.
LaTeX Font Info:    Overwriting math alphabet `\mathit' in version `bold'
(Font)                  OT1/cmr/bx/it --> TU/Sylfaen(0)/b/it on input line 72.
LaTeX Font Info:    Overwriting math alphabet `\mathsf' in version `bold'
(Font)                  OT1/cmss/bx/n --> TU/lmss/b/n on input line 72.
LaTeX Font Info:    Overwriting math alphabet `\mathtt' in version `bold'
(Font)                  OT1/cmtt/m/n --> TU/lmtt/b/n on input line 72.
Package caption Info: Begin \AtBeginDocument code.
Package caption Info: float package is loaded.
Package caption Info: End \AtBeginDocument code.

*geometry* driver: auto-detecting
*geometry* detected driver: xetex
*geometry* verbose mode - [ preamble ] result:
* driver: xetex
* paper: a4paper
* layout: <same size as paper>
* layoutoffset:(h,v)=(0.0pt,0.0pt)
* modes: 
* h-part:(L,W,R)=(85.35826pt, 483.69687pt, 28.45274pt)
* v-part:(T,H,B)=(56.9055pt, 717.00946pt, 71.13188pt)
* \paperwidth=597.50787pt
* \paperheight=845.04684pt
* \textwidth=483.69687pt
* \textheight=717.00946pt
* \oddsidemargin=13.08827pt
* \evensidemargin=13.08827pt
* \topmargin=-52.36449pt
* \headheight=12.0pt
* \headsep=25.0pt
* \topskip=12.0pt
* \footskip=30.0pt
* \marginparwidth=44.0pt
* \marginparsep=10.0pt
* \columnsep=10.0pt
* \skip\footins=10.8pt plus 4.0pt minus 2.0pt
* \hoffset=0.0pt
* \voffset=0.0pt
* \mag=1000
* \@twocolumnfalse
* \@twosidefalse
* \@mparswitchfalse
* \@reversemarginfalse
* (1in=72.27pt=25.4mm, 1cm=28.453pt)


LaTeX Font Warning: Font shape `TU/Sylfaen(0)/b/n' undefined
(Font)              using `TU/Sylfaen(0)/m/n' instead on input line 80.


Package fontspec Info: Could not resolve font "Sylfaen/BI" (it probably
(fontspec)             doesn't exist).


Package fontspec Info: Could not resolve font "Sylfaen/B" (it probably doesn't
(fontspec)             exist).


Package fontspec Info: Could not resolve font "Sylfaen/I" (it probably doesn't
(fontspec)             exist).


Package fontspec Info: Font family 'Sylfaen(1)' created for font 'Sylfaen'
(fontspec)             with options [Ligatures=TeX,FakeBold=2.0].
(fontspec)              
(fontspec)              This font family consists of the following NFSS
(fontspec)             series/shapes:
(fontspec)              
(fontspec)             - 'normal' (m/n) with NFSS spec.:
(fontspec)             <->"Sylfaen/OT:script=latn;language=dflt;embolden=2.0;ma
pping=tex-text;"
(fontspec)             - 'small caps'  (m/sc) with NFSS spec.: 


LaTeX Font Warning: Font shape `TU/Sylfaen(1)/b/n' undefined
(Font)              using `TU/Sylfaen(1)/m/n' instead on input line 80.

LaTeX Font Info:    Trying to load font information for U+msa on input line 85.

(/home/kamo_sevoyan/.miktex/texmfs/install/tex/latex/amsfonts/umsa.fd
File: umsa.fd 2013/01/14 v3.01 AMS symbols A
)
LaTeX Font Info:    Trying to load font information for U+msb on input line 85.


(/home/kamo_sevoyan/.miktex/texmfs/install/tex/latex/amsfonts/umsb.fd
File: umsb.fd 2013/01/14 v3.01 AMS symbols B
)
Underfull \hbox (badness 4229) in paragraph at lines 85--86
\TU/Sylfaen(0)/b/n/12 համապատասխան $[][]$ արժեքները։ Յուրաքանչյուր $[]$ հատվածո
ւմ
 []

File: images/one_var_linear.png Graphic file (type bmp)
<images/one_var_linear.png>

Underfull \hbox (badness 10000) in paragraph at lines 111--119
\TU/Sylfaen(0)/b/n/12 տիրույթի մնացած մասերում։ Նմանատիպ բազիսային ֆունկցիաների
 հիմնական
 []


Underfull \hbox (badness 2245) in paragraph at lines 111--119
\TU/Sylfaen(0)/b/n/12 հատկությունն այն է, որ դրանք հավասար են մեկի որևէ կոնկրետ
 հանգույցում և
 []


Underfull \hbox (badness 2376) in paragraph at lines 111--119
\TU/Sylfaen(0)/b/n/12 հավասար են զրոյի մնացած բոլոր հանգույցներում։ Նշենք սակայ
ն, որ այս տիպի
 []

[5

]
Underfull \hbox (badness 3219) in paragraph at lines 120--121
[]\TU/Sylfaen(0)/b/n/12 Այժմ դիտարկենք հետևյալ խնդիրը. անհրաժեշտ է կառուցել կտո
ր առ կտոր
 []

[6]
File: images/one_var_quadratic.png Graphic file (type bmp)
<images/one_var_quadratic.png>


LaTeX Warning: `h' float specifier changed to `ht'.

[7] [8]
Underfull \hbox (badness 1292) in paragraph at lines 194--197
\TU/Sylfaen(0)/b/n/12 Խնդիրներում, որտեղ անհրաժեշտ է որոշել միայն տրված ֆունկից
իան, ֆունկցիայի
 []


Underfull \hbox (badness 3068) in paragraph at lines 194--197
[]$ \TU/Sylfaen(0)/b/n/12 ինտերվալում կառուցվում է այպիսի պարաբոլ, որ բոլոր $\O
ML/cmm/m/it/12 x[]$ \TU/Sylfaen(0)/b/n/12 հանգուցային
 []


Underfull \hbox (badness 2582) in paragraph at lines 206--208
[]\TU/Sylfaen(0)/b/n/12 Առավել կիրառելի են խորանարդային սփլայնները։ Այս դեպքում
 յուրաքանչյուր
 []


Underfull \hbox (badness 2443) in paragraph at lines 206--208
[]$ \TU/Sylfaen(0)/b/n/12 ինտերվալում կառուցվում են երրորդ աստիճանի բազմանդամնե
ր այնպես,
 []


Underfull \hbox (badness 5681) in paragraph at lines 206--208
\TU/Sylfaen(0)/b/n/12 որ հանգույցներում առաջին և երկրորդ կարգի ածանցյալները լին
են անընդհատ։
 []

[9]
File: images/quadratic_and_cubic_interploation.png Graphic file (type bmp)
<images/quadratic_and_cubic_interploation.png>
 [10]
Underfull \hbox (badness 10000) in paragraph at lines 241--243
[]\TU/Sylfaen(0)/b/n/12 Այժմ դիտարկենք լոկալ կրող ունեցող խորանարդային սփլայներ
ը։ Այդպիսի
 []

File: images/cubic_compact_support_basis.png Graphic file (type bmp)
<images/cubic_compact_support_basis.png>

LaTeX Warning: Command \textbackslash invalid in math mode on input line 264.

[11]
File: images/all_cubic_compact_support_basis.png Graphic file (type bmp)
<images/all_cubic_compact_support_basis.png>
 [12]
Underfull \hbox (badness 10000) in paragraph at lines 296--297
\TU/Sylfaen(0)/b/n/12 Այժմ դիտարկենք երկու փոփոխականի ֆունկցիայի մոտարկման խնդի
րը: Ի
 []


Underfull \hbox (badness 10000) in paragraph at lines 296--297
\TU/Sylfaen(0)/b/n/12 տարբերություն մեկ փոփոխականի ֆունկցիայի ինտերպոլյացիայի, 
այս դեպքում
 []


Underfull \hbox (badness 1264) in paragraph at lines 307--308
[]\TU/Sylfaen(0)/b/n/12 Կախված տրված տիրույթից և դրա տրոհման ձևից, առանձնացվում
 են հետևյալ
 []

File: images/two_var_linear.png Graphic file (type bmp)
<images/two_var_linear.png>
[13]
File: images/bilinear_basis_function.png Graphic file (type bmp)
<images/bilinear_basis_function.png>
 [14]
Underfull \hbox (badness 2205) in paragraph at lines 358--360
[]\TU/Sylfaen(0)/b/n/12 Այժմ դիտարկենք ուղղանկյուն տիրույթի տրոհման և բազիսային
 ֆունկցիաների
 []


Underfull \hbox (badness 10000) in paragraph at lines 358--360
\TU/Sylfaen(0)/b/n/12 ի հավելումն յուրաքանչյուր ուղղանկյուն էլեմենտ տրոհելով եր
կու ուղղանկյուն
 []

File: images/two_var_courant_1.png Graphic file (type bmp)
<images/two_var_courant_1.png>
File: images/two_var_courant_2.png Graphic file (type bmp)
<images/two_var_courant_2.png>
[15]
Underfull \hbox (badness 1946) in paragraph at lines 385--387
[]\TU/Sylfaen(0)/b/n/12 Պարզ է, որ այն $[] \OMS/cmsy/m/n/12 ^^B []$ \TU/Sylfaen
(0)/b/n/12 տիրույթում $\OML/cmm/m/it/12 C[]$ \TU/Sylfaen(0)/b/n/12 ֆունկցիա է: 
Այն հայտնի է
 []


Underfull \hbox (badness 10000) in paragraph at lines 389--391
\TU/Sylfaen(0)/b/n/12 Յուրաքանչյուր կետի համար ունենալով բազիսային ֆունկցիա, $\
OML/cmm/m/it/12 f$ \TU/Sylfaen(0)/b/n/12 ֆունկցիայի
 []

File: images/two_var_courant_3.png Graphic file (type bmp)
<images/two_var_courant_3.png>
[16]
Underfull \hbox (badness 1286) in paragraph at lines 407--409
\TU/Sylfaen(0)/b/n/12 ֆունկցիաների արժեքներով։ Դրանք որոշելով $[]$ գումարը կարո
ղ ենք ներկայացնել
 []

File: images/two_dimensional_ermite_1.png Graphic file (type bmp)
<images/two_dimensional_ermite_1.png>
File: images/two_dimensional_ermite_2.png Graphic file (type bmp)
<images/two_dimensional_ermite_2.png>
File: images/two_dimensional_ermite_3.png Graphic file (type bmp)
<images/two_dimensional_ermite_3.png>
File: images/two_dimensional_ermite_4.png Graphic file (type bmp)
<images/two_dimensional_ermite_4.png>

Underfull \hbox (badness 10000) in paragraph at lines 461--461
[]|\TU/Sylfaen(0)/b/n/12 Նկար 2.6 Երկխորանարդային ինտերպոլյացիայի բազիսային ֆու
նկցիաների
 []

[17]
Underfull \hbox (badness 10000) in paragraph at lines 465--467
[]\TU/Sylfaen(0)/b/n/12 Վերը ներկայացված երկու ինտերպոլյացիաները էրմիթյան ինտեր
պոլյացիայի
 []


Underfull \hbox (badness 3568) in paragraph at lines 465--467
\TU/Sylfaen(0)/b/n/12 մասնովոր դեպքեր են։ Ընդհանուր դեպքում ցանկացած $\OML/cmm/
m/it/12 k$ \TU/Sylfaen(0)/b/n/12 բնական թվի և տրված
 []

[18]
Underfull \hbox (badness 10000) in paragraph at lines 474--476
\TU/Sylfaen(0)/b/n/12 առաջարկված խորանարդային բազիսային սփլայնները։ Այս սփլայնն
երը կարող
 []


Underfull \hbox (badness 7722) in paragraph at lines 474--476
\TU/Sylfaen(0)/b/n/12 ենք օգտագործել երկչափ մոտարկման համար։ Յուրաքանչյուր $[]$
 հանգույցի
 []


Underfull \hbox (badness 1158) in paragraph at lines 474--476
\TU/Sylfaen(0)/b/n/12 վրա կառուցենք բազիսային ֆունկցիա կազմելով $\OML/cmm/m/it/
12 B[] []$ \TU/Sylfaen(0)/b/n/12 և $\OML/cmm/m/it/12 B[] []$ \TU/Sylfaen(0)/b/n
/12 ֆունկցիաների
 []

[19]
File: images/two_dimensional_basis.png Graphic file (type bmp)
<images/two_dimensional_basis.png>
File: images/two_dimensional_basis_1.png Graphic file (type bmp)
<images/two_dimensional_basis_1.png>
 [20]
File: images/two_var_triangular.png Graphic file (type bmp)
<images/two_var_triangular.png>

Underfull \hbox (badness 10000) in paragraph at lines 527--530
\TU/Sylfaen(0)/b/n/12 որը կարող է օգտագործվել որպես ինտերպոլյացիոն ֆունկցիա $[]
 [] []$
 []

[21]
Underfull \hbox (badness 10000) in paragraph at lines 555--556
[]\TU/Sylfaen(0)/b/n/12 Յուրաքանչյուր եռանկյուն էլեմենտի վրա գագաթներից բացի դի
տարկենք նաև
 []

File: images/quadratic_on_triangular.png Graphic file (type bmp)
<images/quadratic_on_triangular.png>

Underfull \hbox (badness 2617) in paragraph at lines 576--577
[]\TU/Sylfaen(0)/b/n/12 Այս տեպքում յուրականչյուր կողի վրա ավելացնենք ևս երկու 
կետ այն տրոհելով
 []

[22]
File: images/cubic_on_triangular.png Graphic file (type bmp)
<images/cubic_on_triangular.png>

Underfull \hbox (badness 6961) in paragraph at lines 602--603
\TU/Sylfaen(0)/b/n/12 Բնական է, որ որևէ կետի նկատմամբ լրիվ բազիսային ֆունկցիայի
 կառուցելու
 []

[23]
Underfull \hbox (badness 10000) in paragraph at lines 620--621
[]\TU/Sylfaen(0)/b/n/12 Այսինքն, կարող ենք ասել, որ $\OML/cmm/m/it/12 P[]P[]P[]
$ \TU/Sylfaen(0)/b/n/12 եռանկյունը $\OT1/cmr/m/n/12 (\OML/cmm/m/it/12 x; y\OT1/
cmr/m/n/12 )$ \TU/Sylfaen(0)/b/n/12 կոորդինատական
 []


Underfull \hbox (badness 4713) in paragraph at lines 620--621
\TU/Sylfaen(0)/b/n/12 են $\OT1/cmr/m/n/12 (0\OML/cmm/m/it/12 ; \OT1/cmr/m/n/12 
1)$\TU/Sylfaen(0)/b/n/12 , $\OT1/cmr/m/n/12 (1\OML/cmm/m/it/12 ; \OT1/cmr/m/n/1
2 0)$ \TU/Sylfaen(0)/b/n/12 և $\OT1/cmr/m/n/12 (0\OML/cmm/m/it/12 ; \OT1/cmr/m/
n/12 0)$ \TU/Sylfaen(0)/b/n/12 կետերը։ Հակադարձ ձևափոխությունը տրվում է հետևյալ

 []

File: images/standard_triangle_transformation.png Graphic file (type bmp)
<images/standard_triangle_transformation.png>

Underfull \hbox (badness 10000) in paragraph at lines 626--633
\TU/Sylfaen(0)/b/n/12 Հաշվարկները և բանաձևրը հեշտանցնելու համար գետագայում կօգտ
վենք այս
 []


Underfull \hbox (badness 1052) in paragraph at lines 634--635
\TU/Sylfaen(0)/b/n/12 գագաթների համարակալման այլ հաջորդականություն, բայց անցում
ը մի եղանակից
 []

[24]
Underfull \hbox (badness 2050) in paragraph at lines 645--646
\TU/Sylfaen(0)/b/n/12 9 պարամետր, որոնք միարժեքորեն որոշվում են գագաթներում ֆու
նկցիայի և նրա
 []


Underfull \hbox (badness 1142) in paragraph at lines 645--646
\TU/Sylfaen(0)/b/n/12 առաջին կարգի ածանցյալների արժեքներով։ Ըստ այդմ ինտերպոլաց
նող ֆունկցիան
 []


Underfull \hbox (badness 10000) in paragraph at lines 660--662
\TU/Sylfaen(0)/b/n/12 Ստորև ներկայացված են կառուցված բազիսային ֆունկցիաներ հինգ
 եռանկյուն
 []

File: images/hermite_cubic_func.png Graphic file (type bmp)
<images/hermite_cubic_func.png>
File: images/hermite_cubic_fx.png Graphic file (type bmp)
<images/hermite_cubic_fx.png>
File: images/hermite_cubic_fy.png Graphic file (type bmp)
<images/hermite_cubic_fy.png>

Underfull \hbox (badness 4518) in paragraph at lines 677--677
[]|\TU/Sylfaen(0)/b/n/12 Նկար 2.10. Երրորդ կարգի Էրմիթի ինտերպոլյացիոն բազիսայի
ն ֆունկցիաները
 []

[25]
Underfull \hbox (badness 10000) in paragraph at lines 682--683
[]\TU/Sylfaen(0)/b/n/12 Այս դեպքում ստանդարտ եռանյան գագաթների համարակալման
 []

File: images/argyris_element.png Graphic file (type bmp)
<images/argyris_element.png>

Underfull \hbox (badness 2245) in paragraph at lines 687--694
\TU/Sylfaen(0)/b/n/12 բոլոր ածանցյալների արժեքներով և կողերի միջնակետերում նորմ
ալի ուղղությամբ
 []

[26] [27]
Underfull \hbox (badness 10000) in paragraph at lines 740--741
[]\TU/Sylfaen(0)/b/n/12 Այսպիսով, ինտերպոլացնող ֆունկցիան ստանդարտ եռանկյան վրա
 կունենա
 []


Underfull \hbox (badness 1490) in paragraph at lines 751--752
[]\TU/Sylfaen(0)/b/n/12 Ստանդարտ եռանկյունից ցանկացած եռանկյան վրա արտապատկերել
ու համար
 []


Underfull \hbox (badness 2197) in paragraph at lines 753--754
[]$[]$\TU/Sylfaen(0)/b/n/12 -ով նշանակենք ստանդարտ եռանկյան բազիսները, $\OT1/cm
r/m/n/12 ^^I$ \TU/Sylfaen(0)/b/n/12 -ով՝ արտապարկերված
 []

[28]
File: images/standard_triangle_vecs.png Graphic file (type bmp)
<images/standard_triangle_vecs.png>
 [29]
File: images/arb_triangle_vecs.png Graphic file (type bmp)
<images/arb_triangle_vecs.png>
 [30]
Underfull \hbox (badness 10000) in paragraph at lines 861--863
\TU/Sylfaen(0)/b/n/12 Այժմ, ունենալով ստանդարտ եռանկյան $[]$ բազիսները, կարող ե
նք ստանալ
 []

File: images/argyris_basis_func_value.png Graphic file (type bmp)
<images/argyris_basis_func_value.png>
File: images/argyris_basis_fx_value.png Graphic file (type bmp)
<images/argyris_basis_fx_value.png>
File: images/argyris_basis_fy_value.png Graphic file (type bmp)
<images/argyris_basis_fy_value.png>
File: images/argyris_basis_fxx_value.png Graphic file (type bmp)
<images/argyris_basis_fxx_value.png>
File: images/argyris_basis_fxy_value.png Graphic file (type bmp)
<images/argyris_basis_fxy_value.png>
File: images/argyris_basis_fyy_value.png Graphic file (type bmp)
<images/argyris_basis_fyy_value.png>
File: images/argyris_basis_fn_value.png Graphic file (type bmp)
<images/argyris_basis_fn_value.png>

Underfull \hbox (badness 10000) in paragraph at lines 865--898
\TU/Sylfaen(0)/b/n/12 Ստորև ներկայացված են կառուցված բազիսային ֆունկցիաներ չորս
 եռանկյուն
 []

[31] [32]
Underfull \hbox (badness 3547) in paragraph at lines 904--905
\TU/Sylfaen(0)/b/n/12 Այժմ դիտարկենք երեք փոփոխականի ֆունկցիայի մոտարկման խնդիր
ը: Ինչպես
 []


Underfull \hbox (badness 2237) in paragraph at lines 908--909
\TU/Sylfaen(0)/b/n/12 Դիցուք տրված են $\OML/cmm/m/it/12 f \OT1/cmr/m/n/12 : 
 \OMS/cmsy/m/n/12 7! \OT1/cmr/m/n/12 ^^B$\TU/Sylfaen(0)/b/n/12 , $\OT1/cmr/m/n/
12 ^^B \OMS/cmsy/m/n/12 ^^Z \U/msb/m/n/12 R$\TU/Sylfaen(0)/b/n/12 , $\OT1/cmr/m
/n/12 
 \OMS/cmsy/m/n/12 ^^Z \U/msb/m/n/12 R[] \OT1/cmr/m/n/12 = [] \OMS/cmsy/m/n/12 ^
^B [] ^^B
 []

File: images/unit_cube.png Graphic file (type bmp)
<images/unit_cube.png>

Underfull \hbox (badness 2903) in paragraph at lines 912--919
\TU/Sylfaen(0)/b/n/12 արտապատկերել միավոր խորանարդի վրա, ինչպես արել էինք երկչա
փ դեպքում։
 []


Underfull \hbox (badness 10000) in paragraph at lines 925--927
\TU/Sylfaen(1)/b/n/12 Եռգծային մոտարկում \TU/Sylfaen(0)/b/n/12 Որպես բազիսային 
ֆունկցիա վերցնենք $\OT1/cmr/m/n/12 (1\OML/cmm/m/it/12 :\OT1/cmr/m/n/12 3)$\TU/S
ylfaen(0)/b/n/12 -ում տրված
 []

[33]
Underfull \hbox (badness 3128) in paragraph at lines 929--931
\TU/Sylfaen(0)/b/n/12 Ավելի բարձր կարգի էրմիթյան ինտերպոլյացիա ստանալու համար ա
նհրաժեշտ է
 []

[34]
Underfull \hbox (badness 3657) in paragraph at lines 941--945
 \TU/Sylfaen(0)/b/n/12 Վարիացիոն մեթոդի սկզբունքն այն է, որ դիտարկվող ֆունկցիայ
ի ինտեգրալը
 []


Underfull \hbox (badness 1142) in paragraph at lines 941--945
\TU/Sylfaen(0)/b/n/12 տրված տիրույթում ընդունում է մեծագույն (փոքրագույն) արժեք
 տվյալ համակարգի
 []


Underfull \hbox (badness 3281) in paragraph at lines 941--945
\TU/Sylfaen(0)/b/n/12 Ենթաինտեգրալային ֆունկցիան կախված է տրված կոորդինատներից,
 ֆունկցիայի
 []


Underfull \hbox (badness 7415) in paragraph at lines 941--945
\TU/Sylfaen(0)/b/n/12 հաճախ բերվում է մի քանի դիֆերենցիալ հավասարումների, համապ
ատասխան
 []


Underfull \hbox (badness 1701) in paragraph at lines 941--945
\TU/Sylfaen(0)/b/n/12 անհրաժեշտ է գտնել այպիսի կետեր, որոնք մինիմում (մաքսիմում
) են իրենց որևէ
 []


Underfull \hbox (badness 5637) in paragraph at lines 941--945
\TU/Sylfaen(0)/b/n/12 շրջակայքում։ Վարիացիոն մեթոդում ֆունկցիոնալը ինտեգրալ է, 
որը կախված է
 []

[35] [36] [37] [38]
Underfull \hbox (badness 1803) in paragraph at lines 1011--1012
\TU/Sylfaen(0)/b/n/12 տիրույթի եզրի տրված են։Սակայն որոշ խնդիրնորում ֆունկցիան 
տիրույթի եզրում
 []


LaTeX Font Warning: Font shape `TU/Sylfaen(0)/m/it' undefined
(Font)              using `TU/Sylfaen(0)/m/n' instead on input line 1020.


Underfull \hbox (badness 5533) in paragraph at lines 1023--1024
\TU/Sylfaen(0)/b/n/12 Այսպիսի վարիացիոն խնդիրներում անհրաշետ է մինիմիզացնել (մա
քսիմիզացնել)
 []

[39]
Underfull \hbox (badness 2126) in paragraph at lines 1039--1040
\TU/Sylfaen(0)/b/n/12 պայմանները թույլ են տալիս այդ խնդիրները լուծել մոտավոր մե
թոդներով, որոնք
 []


Underfull \hbox (badness 1253) in paragraph at lines 1043--1046
\TU/Sylfaen(0)/b/n/12 որտեղ $\OML/cmm/m/it/12 I$ \TU/Sylfaen(0)/b/n/12 ֆունկցիո
նալը տրված տիրույթում որոշյալ ինտեգրալ է։ Մոտավոր լուծում
 []


Underfull \hbox (badness 3312) in paragraph at lines 1046--1049
\TU/Sylfaen(0)/b/n/12 Ենթադրենք, որ $\OML/cmm/m/it/12 I$ \TU/Sylfaen(0)/b/n/12 
ֆունկցիոնալի արժեքների տիրույթը ունի ճշգրիտ ստորին եզր,
 []


Underfull \hbox (badness 3646) in paragraph at lines 1046--1049
\TU/Sylfaen(0)/b/n/12 նշանակենք այն $\OML/cmm/m/it/12 ^^K[]$ \TU/Sylfaen(0)/b/n
/12 ով։ Այդ դեպքում գոյություն ունի $\OMS/cmsy/m/n/12 f\OML/cmm/m/it/12 f[]\OMS
/cmsy/m/n/12 g[]$ \TU/Sylfaen(0)/b/n/12 հաջորդականություն
 []

[40] [41] [42]
Underfull \hbox (badness 3492) in paragraph at lines 1123--1124
[]\TU/Sylfaen(0)/b/n/12 Քանի որ $\OML/cmm/m/it/12 '[]\OT1/cmr/m/n/12 (\OML/cmm/
m/it/12 x; y\OT1/cmr/m/n/12 )$ \TU/Sylfaen(0)/b/n/12 և $\OML/cmm/m/it/12 '[]\OT
1/cmr/m/n/12 (\OML/cmm/m/it/12 x; y\OT1/cmr/m/n/12 )$ \TU/Sylfaen(0)/b/n/12 ֆու
նկցիաները ոչ զրոյական են $[] \OMS/cmsy/m/n/12 ^^B
 []

[43]
Overfull \hbox (2.54005pt too wide) detected at line 1134
 $[] \OT1/cmr/m/n/12 2\OML/cmm/m/it/12 '[]\OT1/cmr/m/n/12 (\OML/cmm/m/it/12 x; 
y\OT1/cmr/m/n/12 )[[] ]\OML/cmm/m/it/12 dxdy \OT1/cmr/m/n/12 = 2 [] [] \OML/cmm
/m/it/12 dxdy \OT1/cmr/m/n/12 = \OMS/cmsy/m/n/12 ^^@\OT1/cmr/m/n/12 2\OML/cmm/m
/it/12 u[][] \OMS/cmsy/m/n/12 ^^@ \OT1/cmr/m/n/12 2\OML/cmm/m/it/12 u[][]$  
 []


Overfull \hbox (2.54005pt too wide) detected at line 1138
 $[] \OT1/cmr/m/n/12 2\OML/cmm/m/it/12 '[]\OT1/cmr/m/n/12 (\OML/cmm/m/it/12 x; 
y\OT1/cmr/m/n/12 )[[] ]\OML/cmm/m/it/12 dxdy \OT1/cmr/m/n/12 = 2 [] [] \OML/cmm
/m/it/12 dxdy \OT1/cmr/m/n/12 = \OMS/cmsy/m/n/12 ^^@\OT1/cmr/m/n/12 2\OML/cmm/m
/it/12 u[][] \OMS/cmsy/m/n/12 ^^@ \OT1/cmr/m/n/12 2\OML/cmm/m/it/12 u[][]$  
 []

[44]
Underfull \hbox (badness 5696) in paragraph at lines 1155--1156
\TU/Sylfaen(0)/b/n/12 զանգվածների հետ մաթեմատիկական գործողություններ իրականացնա
լու համար։
 []


Underfull \hbox (badness 4805) in paragraph at lines 1157--1158
\TU/Sylfaen(0)/b/n/12 կանչվում այն լուծող ֆունկցիան։ Այսնուհետև բազիսային ֆունկ
ցիաների միջոցով
 []

File: images/poisson_solution.png Graphic file (type bmp)
<images/poisson_solution.png>
[45]
File: images/global_and_local_numbering.png Graphic file (type bmp)
<images/global_and_local_numbering.png>

Underfull \hbox (badness 3460) in paragraph at lines 1194--1200
\TU/Sylfaen(0)/b/n/12 միևնույն ժամանակ գագաթները համարակալելով ամբողջ տիրույթի 
համար, որին
 []


Underfull \hbox (badness 1509) in paragraph at lines 1201--1202
[]\TU/Sylfaen(0)/b/n/12 Յուրաքանչյուր $\OT1/cmr/m/n/12 ^^A[]$ \TU/Sylfaen(0)/b/
n/12 եռանկյան վրա ($\OML/cmm/m/it/12 n \OT1/cmr/m/n/12 = []$\TU/Sylfaen(0)/b/n/
12 ) որպես բազիսային ֆունկցիաներ
 []


Underfull \hbox (badness 2617) in paragraph at lines 1201--1202
\TU/Sylfaen(0)/b/n/12 վերցնենք $[]$-ում ներկայացված ֆունկցիաները, և որոնելի ֆու
նկցիան փնտրենք
 []

[46]
Underfull \hbox (badness 1661) in paragraph at lines 1204--1207
\TU/Sylfaen(0)/b/n/12 ն այդ գագաթի համապատասխան բազիսային ֆունկցիան է։ Ուստի ին
տեգրալային
 []

[47]
Underfull \hbox (badness 2903) in paragraph at lines 1271--1272
\TU/Sylfaen(0)/b/n/12 Ինչպես ուղղանկյուն տիրույթի դեպքում, այնպես էլ այս դեպքու
մ կօգտվենք նույն
 []

[48]
Underfull \hbox (badness 2189) in paragraph at lines 1273--1274
\TU/Sylfaen(0)/b/n/12 հաջորդականությունը, եռանկյունացման պարամետրերը և $\OML/cm
m/m/it/12 f$ \TU/Sylfaen(0)/b/n/12 ֆունկցիան։ Հաջորդիվ
 []

File: images/circle_mesh.png Graphic file (type bmp)
<images/circle_mesh.png>
File: images/poisson_equation_on_unit_circle_solution.png Graphic file (type bm
p)
<images/poisson_equation_on_unit_circle_solution.png>
[49] [50] [51]
File: images/two_dimensional_basis_intersection.png Graphic file (type bmp)
<images/two_dimensional_basis_intersection.png>
File: images/two_dimensional_basis_intersection_edge_1.png Graphic file (type b
mp)
<images/two_dimensional_basis_intersection_edge_1.png>
File: images/two_dimensional_basis_intersection_edge_2.png Graphic file (type b
mp)
<images/two_dimensional_basis_intersection_edge_2.png>
 [52] [53] [54] [55]
Underfull \hbox (badness 1661) in paragraph at lines 1447--1449
\TU/Sylfaen(0)/b/n/12 Հաշվի առնելով նախորդիվ հաշվարկված ինտեգրալները, ինչպես նա
և Դիրիխլեի և
 []

[56]
LaTeX Font Info:    Calculating math sizes for size <8.4> on input line 1533.


LaTeX Font Warning: Font shape `OML/cmm/m/it' in size <4.2> not available
(Font)              size <5> substituted on input line 1533.


LaTeX Font Warning: Font shape `OMS/cmsy/m/n' in size <4.2> not available
(Font)              size <5> substituted on input line 1533.


LaTeX Font Warning: Font shape `OT1/cmr/m/n' in size <4.2> not available
(Font)              size <5> substituted on input line 1533.

[57]
Underfull \hbox (badness 10000) in paragraph at lines 1540--1542
\TU/Sylfaen(0)/b/n/12 գործիքներից։ Որպես օրինակ լուծենք հետևյալ հավասարումը տրվ
ած կոնկրետ
 []

File: images/biharmonic_equation_solution.png Graphic file (type bmp)
<images/biharmonic_equation_solution.png>
[58]
Underfull \hbox (badness 3009) in paragraph at lines 1571--1573
\TU/Sylfaen(0)/b/n/12 առնվազն $\OML/cmm/m/it/12 C[]$ \TU/Sylfaen(0)/b/n/12 կարգ
, ուստի որպես բազիսային ֆունկցիաներ կվերցնենք Արգիրիսի
 []


Underfull \hbox (badness 10000) in paragraph at lines 1574--1575
[]\TU/Sylfaen(0)/b/n/12 Հաշվարկների և բանաձևերի ներկայացման հեշտության համար բա
զիսային
 []

[59]
Underfull \hbox (badness 7925) in paragraph at lines 1601--1602
[]\TU/Sylfaen(0)/b/n/12 Աջ մասի $\OML/cmm/m/it/12 f$ \TU/Sylfaen(0)/b/n/12 ֆուն
կցիան ևս ներկայացնենք բազիսային ֆունկցիաների գծային
 []


Underfull \hbox (badness 10000) in paragraph at lines 1630--1632
\TU/Sylfaen(0)/b/n/12 որտեղ $\OML/cmm/m/it/12 F$\TU/Sylfaen(0)/b/n/12 -ը $\OT1/
cmr/m/n/12 (2\OML/cmm/m/it/12 :\OT1/cmr/m/n/12 41)$\TU/Sylfaen(0)/b/n/12 -ում ս
ահմանված աֆինյան ձևափոխությունն է, իսկ $\OML/cmm/m/it/12 M$\TU/Sylfaen(0)/b/n/1
2 -ը՝
 []

[60] [61]
Underfull \hbox (badness 6675) in paragraph at lines 1645--1647
\TU/Sylfaen(0)/b/n/12 ինտեգրալները։ Հետագայում ծրագրի ընթացքում այդ ֆունկցիաներ
ին տրվում են
 []


Underfull \hbox (badness 1721) in paragraph at lines 1645--1647
\OT1/cmr/m/n/12 (5\OML/cmm/m/it/12 :\OT1/cmr/m/n/12 57)$ \TU/Sylfaen(0)/b/n/12 
բանաձևի անհրաժեշտ փոփոխականները։ Այսպիսով, լուծումն ավելի ճշգրիտ
 []


Underfull \hbox (badness 1097) in paragraph at lines 1645--1647
\TU/Sylfaen(0)/b/n/12 է ստացվում, ի հաշիվ այն բանի, որ չեն օգտագործվում ինտեգրա
լների արժեքները
 []


Underfull \hbox (badness 2189) in paragraph at lines 1648--1649
\TU/Sylfaen(0)/b/n/12 հաջորդականությունը, եռանկյունացման պարամետրերը և $\OML/cm
m/m/it/12 f$ \TU/Sylfaen(0)/b/n/12 ֆունկցիան։ Հաջորդիվ
 []

File: images/circle_mesh_quad_biharmonic.png Graphic file (type bmp)
<images/circle_mesh_quad_biharmonic.png>
[62]
File: images/biharmonic_equation_solution_argyris_function_value.png Graphic fi
le (type bmp)
<images/biharmonic_equation_solution_argyris_function_value.png>
 [63] (diploma.aux)

LaTeX Font Warning: Size substitutions with differences
(Font)              up to 2.90001pt have occurred.


LaTeX Font Warning: Some font shapes were not available, defaults substituted.

 ) 
Here is how much of TeX's memory you used:
 10967 strings out of 411566
 254335 string characters out of 2820793
 1883979 words of memory out of 3000000
 30911 multiletter control sequences out of 15000+600000
 525570 words of font info for 119 fonts, out of 8000000 for 9000
 1348 hyphenation exceptions out of 8191
 70i,28n,76p,781b,529s stack positions out of 10000i,1000n,20000p,200000b,80000s

Output written on diploma.pdf (59 pages).
